C:\Program Files (x86)\Microsoft Visual Studio\2017\Community\Common7\IDE\VC\VCTargets\Microsoft.CppBuild.targets(387,5): warning MSB8028: 중간 디렉터리(Debug\)에 다른 프로젝트(exam4.vcxproj)에서 공유하는 파일이 포함되어 있습니다.  이로 인해 잘못된 정리 및 다시 빌드 동작이 수행될 수 있습니다.
  exam3.cpp
c:\users\kict-10\desktop\unity3d_c_st\day16\exam4\exam3.cpp(29): error C2653: 'plusEngine': 클래스 또는 네임스페이스 이름이 아닙니다.
c:\users\kict-10\desktop\unity3d_c_st\day16\exam4\exam3.cpp(29): error C3861: 'startUpGdiPlus': 식별자를 찾을 수 없습니다.
c:\users\kict-10\desktop\unity3d_c_st\day16\exam4\exam3.cpp(32): error C2065: 'IDC_EXAM4': 선언되지 않은 식별자입니다.
c:\users\kict-10\desktop\unity3d_c_st\day16\exam4\exam3.cpp(41): error C2065: 'IDC_EXAM4': 선언되지 않은 식별자입니다.
c:\users\kict-10\desktop\unity3d_c_st\day16\exam4\exam3.cpp(54): error C2653: 'plusEngine': 클래스 또는 네임스페이스 이름이 아닙니다.
c:\users\kict-10\desktop\unity3d_c_st\day16\exam4\exam3.cpp(54): error C3861: 'CloseGdiPlus': 식별자를 찾을 수 없습니다.
c:\users\kict-10\desktop\unity3d_c_st\day16\exam4\exam3.cpp(125): error C4430: 형식 지정자가 없습니다. int로 가정합니다. 참고: C++에서는 기본 int를 지원하지 않습니다.
c:\users\kict-10\desktop\unity3d_c_st\day16\exam4\exam3.cpp(125): error C2146: 구문 오류: ';'이(가) 'g_fScale' 식별자 앞에 없습니다.
c:\users\kict-10\desktop\unity3d_c_st\day16\exam4\exam3.cpp(134): error C2065: 'g_fScale': 선언되지 않은 식별자입니다.
c:\users\kict-10\desktop\unity3d_c_st\day16\exam4\exam3.cpp(137): error C2065: 'g_fScale': 선언되지 않은 식별자입니다.
c:\users\kict-10\desktop\unity3d_c_st\day16\exam4\exam3.cpp(168): error C2065: 'Graphics': 선언되지 않은 식별자입니다.
c:\users\kict-10\desktop\unity3d_c_st\day16\exam4\exam3.cpp(168): error C2146: 구문 오류: ';'이(가) 'grp' 식별자 앞에 없습니다.
c:\users\kict-10\desktop\unity3d_c_st\day16\exam4\exam3.cpp(168): error C3861: 'grp': 식별자를 찾을 수 없습니다.
c:\users\kict-10\desktop\unity3d_c_st\day16\exam4\exam3.cpp(169): error C2065: 'Pen': 선언되지 않은 식별자입니다.
c:\users\kict-10\desktop\unity3d_c_st\day16\exam4\exam3.cpp(169): error C2146: 구문 오류: ';'이(가) 'pen' 식별자 앞에 없습니다.
c:\users\kict-10\desktop\unity3d_c_st\day16\exam4\exam3.cpp(169): error C3861: 'Color': 식별자를 찾을 수 없습니다.
c:\users\kict-10\desktop\unity3d_c_st\day16\exam4\exam3.cpp(169): error C3861: 'pen': 식별자를 찾을 수 없습니다.
c:\users\kict-10\desktop\unity3d_c_st\day16\exam4\exam3.cpp(171): error C2065: 'grp': 선언되지 않은 식별자입니다.
c:\users\kict-10\desktop\unity3d_c_st\day16\exam4\exam3.cpp(171): error C2228: '.DrawLine' 왼쪽에는 클래스/구조체/공용 구조체가 있어야 합니다.
  c:\users\kict-10\desktop\unity3d_c_st\day16\exam4\exam3.cpp(171): note: 'unknown-type' 형식입니다.
c:\users\kict-10\desktop\unity3d_c_st\day16\exam4\exam3.cpp(171): error C2065: 'pen': 선언되지 않은 식별자입니다.
c:\users\kict-10\desktop\unity3d_c_st\day16\exam4\exam3.cpp(172): error C2065: 'grp': 선언되지 않은 식별자입니다.
c:\users\kict-10\desktop\unity3d_c_st\day16\exam4\exam3.cpp(172): error C2228: '.DrawLine' 왼쪽에는 클래스/구조체/공용 구조체가 있어야 합니다.
  c:\users\kict-10\desktop\unity3d_c_st\day16\exam4\exam3.cpp(172): note: 'unknown-type' 형식입니다.
c:\users\kict-10\desktop\unity3d_c_st\day16\exam4\exam3.cpp(172): error C2065: 'pen': 선언되지 않은 식별자입니다.
c:\users\kict-10\desktop\unity3d_c_st\day16\exam4\exam3.cpp(173): error C2065: 'grp': 선언되지 않은 식별자입니다.
c:\users\kict-10\desktop\unity3d_c_st\day16\exam4\exam3.cpp(173): error C2228: '.DrawRectangle' 왼쪽에는 클래스/구조체/공용 구조체가 있어야 합니다.
  c:\users\kict-10\desktop\unity3d_c_st\day16\exam4\exam3.cpp(173): note: 'unknown-type' 형식입니다.
c:\users\kict-10\desktop\unity3d_c_st\day16\exam4\exam3.cpp(173): error C2065: 'pen': 선언되지 않은 식별자입니다.
c:\users\kict-10\desktop\unity3d_c_st\day16\exam4\exam3.cpp(177): error C2065: 'Matrix': 선언되지 않은 식별자입니다.
c:\users\kict-10\desktop\unity3d_c_st\day16\exam4\exam3.cpp(177): error C2146: 구문 오류: ';'이(가) 'tempMat' 식별자 앞에 없습니다.
c:\users\kict-10\desktop\unity3d_c_st\day16\exam4\exam3.cpp(177): error C2065: 'tempMat': 선언되지 않은 식별자입니다.
c:\users\kict-10\desktop\unity3d_c_st\day16\exam4\exam3.cpp(178): error C2146: 구문 오류: ';'이(가) 'matEm' 식별자 앞에 없습니다.
c:\users\kict-10\desktop\unity3d_c_st\day16\exam4\exam3.cpp(178): error C2065: 'matEm': 선언되지 않은 식별자입니다.
c:\users\kict-10\desktop\unity3d_c_st\day16\exam4\exam3.cpp(180): error C2065: 'tempMat': 선언되지 않은 식별자입니다.
c:\users\kict-10\desktop\unity3d_c_st\day16\exam4\exam3.cpp(180): error C2228: '.SetElements' 왼쪽에는 클래스/구조체/공용 구조체가 있어야 합니다.
  c:\users\kict-10\desktop\unity3d_c_st\day16\exam4\exam3.cpp(180): note: 'unknown-type' 형식입니다.
c:\users\kict-10\desktop\unity3d_c_st\day16\exam4\exam3.cpp(180): error C2065: 'g_fScale': 선언되지 않은 식별자입니다.
c:\users\kict-10\desktop\unity3d_c_st\day16\exam4\exam3.cpp(181): error C2065: 'grp': 선언되지 않은 식별자입니다.
c:\users\kict-10\desktop\unity3d_c_st\day16\exam4\exam3.cpp(181): error C2228: '.SetTransform' 왼쪽에는 클래스/구조체/공용 구조체가 있어야 합니다.
  c:\users\kict-10\desktop\unity3d_c_st\day16\exam4\exam3.cpp(181): note: 'unknown-type' 형식입니다.
c:\users\kict-10\desktop\unity3d_c_st\day16\exam4\exam3.cpp(181): error C2065: 'tempMat': 선언되지 않은 식별자입니다.
c:\users\kict-10\desktop\unity3d_c_st\day16\exam4\exam3.cpp(189): error C2065: 'grp': 선언되지 않은 식별자입니다.
c:\users\kict-10\desktop\unity3d_c_st\day16\exam4\exam3.cpp(189): error C2228: '.DrawEllipse' 왼쪽에는 클래스/구조체/공용 구조체가 있어야 합니다.
  c:\users\kict-10\desktop\unity3d_c_st\day16\exam4\exam3.cpp(189): note: 'unknown-type' 형식입니다.
c:\users\kict-10\desktop\unity3d_c_st\day16\exam4\exam3.cpp(189): error C2065: 'pen': 선언되지 않은 식별자입니다.
c:\users\kict-10\desktop\unity3d_c_st\day16\exam4\exam3.cpp(191): error C2065: 'grp': 선언되지 않은 식별자입니다.
c:\users\kict-10\desktop\unity3d_c_st\day16\exam4\exam3.cpp(191): error C2228: '.ResetTransform' 왼쪽에는 클래스/구조체/공용 구조체가 있어야 합니다.
  c:\users\kict-10\desktop\unity3d_c_st\day16\exam4\exam3.cpp(191): note: 'unknown-type' 형식입니다.
